<?xml version="1.0" encoding="UTF-8"?>
<!-- Generated by org.testng.reporters.JUnitReportReporter -->
<testsuite hostname="Nidhi" failures="0" tests="1" name="testScript.LoginTest" time="7.190" errors="0" timestamp="2025-02-05T12:20:41 IST" skipped="0">
  <testcase classname="testScript.LoginTest" name="verifyLoginWithValidCredentials" time="7.190"/>
</testsuite> <!-- testScript.LoginTest -->
